0 info it worked if it ends with ok
1 verbose cli [ '/Users/jerbs/.nvm/versions/node/v11.15.0/bin/node',
1 verbose cli   '/Users/jerbs/.nvm/versions/node/v11.15.0/lib/node_modules/npm/bin/npm-cli.js',
1 verbose cli   'install',
1 verbose cli   'docs@latest',
1 verbose cli   '--global',
1 verbose cli   '--prefix',
1 verbose cli   'serve/_npx/2974',
1 verbose cli   '--cache',
1 verbose cli   'serve',
1 verbose cli   '--loglevel',
1 verbose cli   'error',
1 verbose cli   '--json' ]
2 info using npm@6.12.1
3 info using node@v11.15.0
4 verbose npm-session 1a48b01c4fbb4cd0
5 silly install loadCurrentTree
6 silly install readGlobalPackageData
7 silly fetchPackageMetaData error for docs@latest request to https://registry.npmjs.org/docs failed, reason: getaddrinfo ENOTFOUND registry.npmjs.org registry.npmjs.org:443
8 timing stage:rollbackFailedOptional Completed in 1ms
9 timing stage:runTopLevelLifecycles Completed in 51ms
10 verbose type system
11 verbose stack FetchError: request to https://registry.npmjs.org/docs failed, reason: getaddrinfo ENOTFOUND registry.npmjs.org registry.npmjs.org:443
11 verbose stack     at ClientRequest.req.on.err (/Users/jerbs/.nvm/versions/node/v11.15.0/lib/node_modules/npm/node_modules/node-fetch-npm/src/index.js:68:14)
11 verbose stack     at ClientRequest.emit (events.js:193:13)
11 verbose stack     at TLSSocket.socketErrorListener (_http_client.js:397:9)
11 verbose stack     at TLSSocket.emit (events.js:193:13)
11 verbose stack     at emitErrorNT (internal/streams/destroy.js:91:8)
11 verbose stack     at emitErrorAndCloseNT (internal/streams/destroy.js:59:3)
11 verbose stack     at processTicksAndRejections (internal/process/task_queues.js:81:17)
12 verbose cwd /Users/jerbs/Dev/websites/badabam
13 verbose Darwin 19.0.0
14 verbose argv "/Users/jerbs/.nvm/versions/node/v11.15.0/bin/node" "/Users/jerbs/.nvm/versions/node/v11.15.0/lib/node_modules/npm/bin/npm-cli.js" "install" "docs@latest" "--global" "--prefix" "serve/_npx/2974" "--cache" "serve" "--loglevel" "error" "--json"
15 verbose node v11.15.0
16 verbose npm  v6.12.1
17 error code ENOTFOUND
18 error errno ENOTFOUND
19 error network request to https://registry.npmjs.org/docs failed, reason: getaddrinfo ENOTFOUND registry.npmjs.org registry.npmjs.org:443
20 error network This is a problem related to network connectivity.
20 error network In most cases you are behind a proxy or have bad network settings.
20 error network
20 error network If you are behind a proxy, please make sure that the
20 error network 'proxy' config is set properly.  See: 'npm help config'
21 verbose exit [ 1, true ]
